2023-02-26 18:30:06,719 INFO using config /home/ridhi/.config/twarc/config
2023-02-26 18:30:06,719 INFO creating HTTP session headers for app auth.
2023-02-26 18:30:06,719 INFO creating config file: /home/ridhi/.config/twarc/config
2023-02-26 18:31:35,177 INFO using config /home/ridhi/.config/twarc/config
2023-02-26 18:31:35,177 INFO creating HTTP session headers for app auth.
2023-02-26 18:31:35,184 INFO getting ('https://api.twitter.com/2/tweets',) {'params': {'expansions': 'author_id,in_reply_to_user_id,referenced_tweets.id,referenced_tweets.id.author_id,entities.mentions.username,attachments.poll_ids,attachments.media_keys,geo.place_id,edit_history_tweet_ids', 'tweet.fields': 'attachments,author_id,context_annotations,conversation_id,created_at,entities,geo,id,in_reply_to_user_id,lang,public_metrics,text,possibly_sensitive,referenced_tweets,reply_settings,source,withheld,edit_controls,edit_history_tweet_ids', 'user.fields': 'created_at,description,entities,id,location,name,pinned_tweet_id,profile_image_url,protected,public_metrics,url,username,verified,withheld', 'media.fields': 'alt_text,duration_ms,height,media_key,preview_image_url,type,url,width,variants,public_metrics', 'poll.fields': 'duration_minutes,end_datetime,id,options,voting_status', 'place.fields': 'contained_within,country,country_code,full_name,geo,id,name,place_type', 'ids': '997483819912581121,1003119377850384384,946598806279327744,1067604945426206720,948680669873496067,1125056098099236864,973987696573124609,1120888073909358592,604501364790558720,5797707147'}}
2023-02-26 18:31:35,721 INFO archived 997483819912581121,1003119377850384384,946598806279327744,1067604945426206720,948680669873496067,1125056098099236864,973987696573124609,604501364790558720,5797707147
2023-02-26 18:44:19,131 INFO using config /home/ridhi/.config/twarc/config
2023-02-26 18:44:19,131 INFO creating HTTP session headers for app auth.
2023-02-26 18:44:19,132 INFO creating config file: /home/ridhi/.config/twarc/config
2023-02-26 18:44:47,288 INFO using config /home/ridhi/.config/twarc/config
2023-02-26 18:44:47,288 INFO creating HTTP session headers for app auth.
2023-02-26 18:44:47,295 INFO getting ('https://api.twitter.com/2/tweets',) {'params': {'expansions': 'author_id,in_reply_to_user_id,referenced_tweets.id,referenced_tweets.id.author_id,entities.mentions.username,attachments.poll_ids,attachments.media_keys,geo.place_id,edit_history_tweet_ids', 'tweet.fields': 'attachments,author_id,context_annotations,conversation_id,created_at,entities,geo,id,in_reply_to_user_id,lang,public_metrics,text,possibly_sensitive,referenced_tweets,reply_settings,source,withheld,edit_controls,edit_history_tweet_ids', 'user.fields': 'created_at,description,entities,id,location,name,pinned_tweet_id,profile_image_url,protected,public_metrics,url,username,verified,withheld', 'media.fields': 'alt_text,duration_ms,height,media_key,preview_image_url,type,url,width,variants,public_metrics', 'poll.fields': 'duration_minutes,end_datetime,id,options,voting_status', 'place.fields': 'contained_within,country,country_code,full_name,geo,id,name,place_type', 'ids': '997483819912581121,1003119377850384384,946598806279327744,1067604945426206720,948680669873496067,1125056098099236864,973987696573124609,1120888073909358592,604501364790558720,5797707147'}}
2023-02-26 18:44:47,534 ERROR Unexpected HTTP response: <Response [401]>
2023-02-26 19:13:04,342 INFO using config /home/ridhi/.config/twarc/config
2023-02-26 19:13:04,342 INFO creating HTTP session headers for app auth.
2023-02-26 19:13:04,343 INFO creating config file: /home/ridhi/.config/twarc/config
2023-02-26 19:13:25,463 INFO using config /home/ridhi/.config/twarc/config
2023-02-26 19:13:25,463 INFO creating HTTP session headers for app auth.
2023-02-26 19:13:25,470 INFO getting ('https://api.twitter.com/2/tweets',) {'params': {'expansions': 'author_id,in_reply_to_user_id,referenced_tweets.id,referenced_tweets.id.author_id,entities.mentions.username,attachments.poll_ids,attachments.media_keys,geo.place_id,edit_history_tweet_ids', 'tweet.fields': 'attachments,author_id,context_annotations,conversation_id,created_at,entities,geo,id,in_reply_to_user_id,lang,public_metrics,text,possibly_sensitive,referenced_tweets,reply_settings,source,withheld,edit_controls,edit_history_tweet_ids', 'user.fields': 'created_at,description,entities,id,location,name,pinned_tweet_id,profile_image_url,protected,public_metrics,url,username,verified,withheld', 'media.fields': 'alt_text,duration_ms,height,media_key,preview_image_url,type,url,width,variants,public_metrics', 'poll.fields': 'duration_minutes,end_datetime,id,options,voting_status', 'place.fields': 'contained_within,country,country_code,full_name,geo,id,name,place_type', 'ids': '997483819912581121'}}
2023-02-26 19:13:25,785 INFO archived 997483819912581121
